<?xml version="1.0" encoding="UTF-8"?>
<!-- Generated by org.testng.reporters.JUnitReportReporter -->
<testsuite hostname="ATMECSINLT-1271" failures="0" tests="1" name="Group2.Redbusjava" time="0.013" errors="0" timestamp="2022-04-08T14:40:14 GMT+05:30" skipped="0">
  <testcase classname="Group2.Redbusjava" name="actionblock" time="0.013"/>
  <system-out/>
</testsuite> <!-- Group2.Redbusjava -->
