<?xml version="1.0" encoding="UTF-8"?>
<!-- Generated by org.testng.reporters.JUnitReportReporter -->
<testsuite hostname="ATMECSINLT-1271" failures="0" tests="2" name="Newgroup1.Newgroup2.AppTest" time="0.385" errors="0" timestamp="2022-04-19T10:47:01 GMT+05:30" skipped="0">
  <testcase classname="Newgroup1.Newgroup2.AppTest" name="TopOperators" time="0.055"/>
  <system-out/>
  <testcase classname="Newgroup1.Newgroup2.AppTest" name="theNumbersAreGrowing" time="0.330"/>
  <system-out/>
</testsuite> <!-- Newgroup1.Newgroup2.AppTest -->
